<html>
<head>
<title>TestNG:  Test</title>
<link href="../testng.css" rel="stylesheet" type="text/css" />
<link href="../my-testng.css" rel="stylesheet" type="text/css" />

<style type="text/css">
.log { display: none;} 
.stack-trace { display: none;} 
</style>
<script type="text/javascript">
<!--
function flip(e) {
  current = e.style.display;
  if (current == 'block') {
    e.style.display = 'none';
    return 0;
  }
  else {
    e.style.display = 'block';
    return 1;
  }
}

function toggleBox(szDivId, elem, msg1, msg2)
{
  var res = -1;  if (document.getElementById) {
    res = flip(document.getElementById(szDivId));
  }
  else if (document.all) {
    // this is the way old msie versions work
    res = flip(document.all[szDivId]);
  }
  if(elem) {
    if(res == 0) elem.innerHTML = msg1; else elem.innerHTML = msg2;
  }

}

function toggleAllBoxes() {
  if (document.getElementsByTagName) {
    d = document.getElementsByTagName('div');
    for (i = 0; i < d.length; i++) {
      if (d[i].className == 'log') {
        flip(d[i]);
      }
    }
  }
}

// -->
</script>

</head>
<body>
<h2 align='center'>Test</h2><table border='1' align="center">
<tr>
<td>Tests passed/Failed/Skipped:</td><td>15/1/1</td>
</tr><tr>
<td>Started on:</td><td>Fri Jun 19 11:02:46 ICT 2020</td>
</tr>
<tr><td>Total time:</td><td>1003 seconds (1003775 ms)</td>
</tr><tr>
<td>Included groups:</td><td></td>
</tr><tr>
<td>Excluded groups:</td><td></td>
</tr>
</table><p/>
<small><i>(Hover the method name to see the test class name)</i></small><p/>
<table width='100%' border='1' class='invocation-failed'>
<tr><td colspan='4' align='center'><b>FAILED TESTS</b></td></tr>
<tr><td><b>Test method</b></td>
<td width="30%"><b>Exception</b></td>
<td width="10%"><b>Time (seconds)</b></td>
<td><b>Instance</b></td>
</tr>
<tr>
<td title='testcases.Test_Integration_Login.login_logout_from_history()'><b>login_logout_from_history</b><br>Test class: testcases.Test_Integration_Login<br>Parameters: 082278843303, dikakoko, dikakokos</td>
<td><div><pre>org.openqa.selenium.NoSuchElementException: no such element: Unable to locate element: {&quot;method&quot;:&quot;css selector&quot;,&quot;selector&quot;:&quot;#action\-history&quot;}
  (Session info: chrome=83.0.4103.61)
For documentation on this error, please visit: https://www.seleniumhq.org/exceptions/no_such_element.html
Build info: version: &apos;3.141.59&apos;, revision: &apos;e82be7d358&apos;, time: &apos;2018-11-14T08:17:03&apos;
System info: host: &apos;MNCTVN05589&apos;, ip: &apos;192.168.137.1&apos;, os.name: &apos;Windows 10&apos;, os.arch: &apos;amd64&apos;, os.version: &apos;10.0&apos;, java.version: &apos;1.8.0_221&apos;
Driver info: org.openqa.selenium.remote.RemoteWebDriver
Capabilities {acceptInsecureCerts: false, browserName: chrome, browserVersion: 83.0.4103.61, chrome: {chromedriverVersion: 83.0.4103.39 (ccbf011cb2d2b..., userDataDir: /tmp/.com.google.Chrome.zi5NIn}, goog:chromeOptions: {debuggerAddress: localhost:34923}, javascriptEnabled: true, networkConnectionEnabled: false, pageLoadStrategy: normal, platform: LINUX, platformName: LINUX, proxy: Proxy(), setWindowRect: true, strictFileInteractability: false, timeouts: {implicit: 0, pageLoad: 300000, script: 30000}, unhandledPromptBehavior: dismiss and notify, webauthn:virtualAuthenticators: true, webdriver.remote.sessionid: fdf2d9c4f83f3a2b981a62335d5...}
Session ID: fdf2d9c4f83f3a2b981a62335d53b67f
*** Element info: {Using=id, value=action-history}
	at org.openqa.selenium.remote.http.W3CHttpResponseCodec.createException(W3CHttpResponseCodec.java:187)
	at org.openqa.selenium.remote.http.W3CHttpResponseCodec.decode(W3CHttpResponseCodec.java:122)
	at org.openqa.selenium.remote.http.W3CHttpResponseCodec.decode(W3CHttpResponseCodec.java:49)
	at org.openqa.selenium.remote.HttpCommandExecutor.execute(HttpCommandExecutor.java:158)
	at org.openqa.selenium.remote.RemoteWebDriver.execute(RemoteWebDriver.java:552)
	at org.openqa.selenium.remote.RemoteWebDriver.findElement(RemoteWebDriver.java:323)
	at org.openqa.selenium.remote.RemoteWebDriver.findElementById(RemoteWebDriver.java:372)
	at org.openqa.selenium.By$ById.findElement(By.java:188)
	at org.openqa.selenium.remote.RemoteWebDriver.findElement(RemoteWebDriver.java:315)
	at object.Button.byId(Button.java:19)
	at testcases.Test_Integration_Login.login_logout_from_history(Test_Integration_Login.java:74)
... Removed 32 stack frames</pre></div><a href='#' onClick='toggleBox("stack-trace1720502690", this, "Click to show all stack frames", "Click to hide stack frames")'>Click to show all stack frames</a>
<div class='stack-trace' id='stack-trace1720502690'><pre>org.openqa.selenium.NoSuchElementException: no such element: Unable to locate element: {&quot;method&quot;:&quot;css selector&quot;,&quot;selector&quot;:&quot;#action\-history&quot;}
  (Session info: chrome=83.0.4103.61)
For documentation on this error, please visit: https://www.seleniumhq.org/exceptions/no_such_element.html
Build info: version: &apos;3.141.59&apos;, revision: &apos;e82be7d358&apos;, time: &apos;2018-11-14T08:17:03&apos;
System info: host: &apos;MNCTVN05589&apos;, ip: &apos;192.168.137.1&apos;, os.name: &apos;Windows 10&apos;, os.arch: &apos;amd64&apos;, os.version: &apos;10.0&apos;, java.version: &apos;1.8.0_221&apos;
Driver info: org.openqa.selenium.remote.RemoteWebDriver
Capabilities {acceptInsecureCerts: false, browserName: chrome, browserVersion: 83.0.4103.61, chrome: {chromedriverVersion: 83.0.4103.39 (ccbf011cb2d2b..., userDataDir: /tmp/.com.google.Chrome.zi5NIn}, goog:chromeOptions: {debuggerAddress: localhost:34923}, javascriptEnabled: true, networkConnectionEnabled: false, pageLoadStrategy: normal, platform: LINUX, platformName: LINUX, proxy: Proxy(), setWindowRect: true, strictFileInteractability: false, timeouts: {implicit: 0, pageLoad: 300000, script: 30000}, unhandledPromptBehavior: dismiss and notify, webauthn:virtualAuthenticators: true, webdriver.remote.sessionid: fdf2d9c4f83f3a2b981a62335d5...}
Session ID: fdf2d9c4f83f3a2b981a62335d53b67f
*** Element info: {Using=id, value=action-history}
	at sun.reflect.NativeConstructorAccessorImpl.newInstance0(Native Method)
	at sun.reflect.NativeConstructorAccessorImpl.newInstance(Unknown Source)
	at sun.reflect.DelegatingConstructorAccessorImpl.newInstance(Unknown Source)
	at java.lang.reflect.Constructor.newInstance(Unknown Source)
	at org.openqa.selenium.remote.http.W3CHttpResponseCodec.createException(W3CHttpResponseCodec.java:187)
	at org.openqa.selenium.remote.http.W3CHttpResponseCodec.decode(W3CHttpResponseCodec.java:122)
	at org.openqa.selenium.remote.http.W3CHttpResponseCodec.decode(W3CHttpResponseCodec.java:49)
	at org.openqa.selenium.remote.HttpCommandExecutor.execute(HttpCommandExecutor.java:158)
	at org.openqa.selenium.remote.RemoteWebDriver.execute(RemoteWebDriver.java:552)
	at org.openqa.selenium.remote.RemoteWebDriver.findElement(RemoteWebDriver.java:323)
	at org.openqa.selenium.remote.RemoteWebDriver.findElementById(RemoteWebDriver.java:372)
	at org.openqa.selenium.By$ById.findElement(By.java:188)
	at org.openqa.selenium.remote.RemoteWebDriver.findElement(RemoteWebDriver.java:315)
	at object.Button.byId(Button.java:19)
	at testcases.Test_Integration_Login.login_logout_from_history(Test_Integration_Login.java:74)
	at sun.reflect.NativeMethodAccessorImpl.invoke0(Native Method)
	at sun.reflect.NativeMethodAccessorImpl.invoke(Unknown Source)
	at sun.reflect.DelegatingMethodAccessorImpl.invoke(Unknown Source)
	at java.lang.reflect.Method.invoke(Unknown Source)
	at org.testng.internal.MethodInvocationHelper.invokeMethod(MethodInvocationHelper.java:86)
	at org.testng.internal.Invoker.invokeMethod(Invoker.java:643)
	at org.testng.internal.Invoker.invokeTestMethod(Invoker.java:820)
	at org.testng.internal.Invoker.invokeTestMethods(Invoker.java:1128)
	at org.testng.internal.TestMethodWorker.invokeTestMethods(TestMethodWorker.java:129)
	at org.testng.internal.TestMethodWorker.run(TestMethodWorker.java:112)
	at org.testng.TestRunner.privateRun(TestRunner.java:782)
	at org.testng.TestRunner.run(TestRunner.java:632)
	at org.testng.SuiteRunner.runTest(SuiteRunner.java:366)
	at org.testng.SuiteRunner.runSequentially(SuiteRunner.java:361)
	at org.testng.SuiteRunner.privateRun(SuiteRunner.java:319)
	at org.testng.SuiteRunner.run(SuiteRunner.java:268)
	at org.testng.SuiteRunnerWorker.runSuite(SuiteRunnerWorker.java:52)
	at org.testng.SuiteRunnerWorker.run(SuiteRunnerWorker.java:86)
	at org.testng.TestNG.runSuitesSequentially(TestNG.java:1244)
	at org.testng.TestNG.runSuitesLocally(TestNG.java:1169)
	at org.testng.TestNG.run(TestNG.java:1064)
	at org.apache.maven.surefire.testng.TestNGExecutor.run(TestNGExecutor.java:283)
	at org.apache.maven.surefire.testng.TestNGXmlTestSuite.execute(TestNGXmlTestSuite.java:75)
	at org.apache.maven.surefire.testng.TestNGProvider.invoke(TestNGProvider.java:120)
	at org.apache.maven.surefire.booter.ForkedBooter.runSuitesInProcess(ForkedBooter.java:377)
	at org.apache.maven.surefire.booter.ForkedBooter.execute(ForkedBooter.java:138)
	at org.apache.maven.surefire.booter.ForkedBooter.run(ForkedBooter.java:465)
	at org.apache.maven.surefire.booter.ForkedBooter.main(ForkedBooter.java:451)
</pre></div></td>
<td>41</td>
<td>testcases.Test_Integration_Login@1b604f19</td></tr>
</table><p>
<table width='100%' border='1' class='invocation-passed'>
<tr><td colspan='4' align='center'><b>PASSED TESTS</b></td></tr>
<tr><td><b>Test method</b></td>
<td width="30%"><b>Exception</b></td>
<td width="10%"><b>Time (seconds)</b></td>
<td><b>Instance</b></td>
</tr>
<tr>
<td title='testcases.Test_Login.login_alert_password()'><b>login_alert_password</b><br>Test class: testcases.Test_Login<br>Parameters: dikakoko04@gmail.com, passwordslah, Please Try Again Password Is Incorrect</td>
<td></td>
<td>34</td>
<td>testcases.Test_Login@1593948d</td></tr>
<tr>
<td title='testcases.Test_Login.login_alert_password()'><b>login_alert_password</b><br>Test class: testcases.Test_Login<br>Parameters: 082278843303, passwordslah, Please Try Again Password Is Incorrect</td>
<td></td>
<td>34</td>
<td>testcases.Test_Login@1593948d</td></tr>
<tr>
<td title='testcases.Test_Login.login_alert_popup()'><b>login_alert_popup</b><br>Test class: testcases.Test_Login<br>Parameters: dixosgadpoyt@gmail.com, passwordslah, User has not been registered</td>
<td></td>
<td>33</td>
<td>testcases.Test_Login@1593948d</td></tr>
<tr>
<td title='testcases.Test_Login.login_alert_popup()'><b>login_alert_popup</b><br>Test class: testcases.Test_Login<br>Parameters: 628229098776544, passwordslah, User has not been registered</td>
<td></td>
<td>37</td>
<td>testcases.Test_Login@1593948d</td></tr>
<tr>
<td title='testcases.Test_Login.login_alert_username()'><b>login_alert_username</b><br>Test class: testcases.Test_Login<br>Parameters: dikakoko.com, passwordslah, Please Try Again Email Is Incorrect</td>
<td></td>
<td>41</td>
<td>testcases.Test_Login@1593948d</td></tr>
<tr>
<td title='testcases.Test_Login.login_alert_username()'><b>login_alert_username</b><br>Test class: testcases.Test_Login<br>Parameters: 8767868768768, passwordslah, Please Try Again Phone Number Is Incorrect</td>
<td></td>
<td>36</td>
<td>testcases.Test_Login@1593948d</td></tr>
<tr>
<td title='testcases.Test_Login.login_logout()'><b>login_logout</b><br>Test class: testcases.Test_Login<br>Parameters: dikakoko04@gmail.com, dikakoko, dikakoko</td>
<td></td>
<td>74</td>
<td>testcases.Test_Login@1593948d</td></tr>
<tr>
<td title='testcases.Test_Login.login_logout()'><b>login_logout</b><br>Test class: testcases.Test_Login<br>Parameters: 082278843303, dikakoko, dikakokos</td>
<td></td>
<td>74</td>
<td>testcases.Test_Login@1593948d</td></tr>
<tr>
<td title='testcases.Test_Integration_Login.login_logout_from_()'><b>login_logout_from_</b><br>Test class: testcases.Test_Integration_Login<br>Parameters: dikakoko04@gmail.com, dikakoko, dikakoko</td>
<td></td>
<td>97</td>
<td>testcases.Test_Integration_Login@1b604f19</td></tr>
<tr>
<td title='testcases.Test_Integration_Login.login_logout_from_()'><b>login_logout_from_</b><br>Test class: testcases.Test_Integration_Login<br>Parameters: 082278843303, dikakoko, dikakokos</td>
<td></td>
<td>98</td>
<td>testcases.Test_Integration_Login@1b604f19</td></tr>
<tr>
<td title='testcases.Test_Integration_Login.login_logout_from_account()'><b>login_logout_from_account</b><br>Test class: testcases.Test_Integration_Login<br>Parameters: dikakoko04@gmail.com, dikakoko, dikakoko</td>
<td></td>
<td>89</td>
<td>testcases.Test_Integration_Login@1b604f19</td></tr>
<tr>
<td title='testcases.Test_Integration_Login.login_logout_from_account()'><b>login_logout_from_account</b><br>Test class: testcases.Test_Integration_Login<br>Parameters: 082278843303, dikakoko, dikakokos</td>
<td></td>
<td>94</td>
<td>testcases.Test_Integration_Login@1b604f19</td></tr>
<tr>
<td title='testcases.Test_Integration_Login.login_logout_from_history()'><b>login_logout_from_history</b><br>Test class: testcases.Test_Integration_Login<br>Parameters: dikakoko04@gmail.com, dikakoko, dikakoko</td>
<td></td>
<td>105</td>
<td>testcases.Test_Integration_Login@1b604f19</td></tr>
<tr>
<td title='testcases.Test_Login.login_succes()'><b>login_succes</b><br>Test class: testcases.Test_Login<br>Parameters: dikakoko04@gmail.com, dikakoko, dikakoko</td>
<td></td>
<td>39</td>
<td>testcases.Test_Login@1593948d</td></tr>
<tr>
<td title='testcases.Test_Login.login_succes()'><b>login_succes</b><br>Test class: testcases.Test_Login<br>Parameters: 082278843303, dikakoko, dikakokos</td>
<td></td>
<td>41</td>
<td>testcases.Test_Login@1593948d</td></tr>
</table><p>
<table width='100%' border='1' class='invocation-skipped'>
<tr><td colspan='4' align='center'><b>SKIPPED TESTS</b></td></tr>
<tr><td><b>Test method</b></td>
<td width="30%"><b>Exception</b></td>
<td width="10%"><b>Time (seconds)</b></td>
<td><b>Instance</b></td>
</tr>
<tr>
<td title='testcases.Test_Integration_Login.login_logout_from_mylist()'><b>login_logout_from_mylist</b><br>Test class: testcases.Test_Integration_Login</td>
<td><div><pre>java.lang.RuntimeException: java.io.FileNotFoundException: ..\pwa\src\main\java\data\login.xlsx (The system cannot find the file specified)
Caused by: java.io.FileNotFoundException: ..\pwa\src\main\java\data\login.xlsx (The system cannot find the file specified)
	at java.io.FileInputStream.open0(Native Method)
	at java.io.FileInputStream.open(Unknown Source)
	at java.io.FileInputStream.&lt;init&gt;(Unknown Source)
	at java.io.FileInputStream.&lt;init&gt;(Unknown Source)
	at utility.ReadExcel.getCellData(ReadExcel.java:17)
	at testcases.Test_Integration_Login.login_success(Test_Integration_Login.java:22)
	... 24 more
... Removed 31 stack frames</pre></div><a href='#' onClick='toggleBox("stack-trace1706985646", this, "Click to show all stack frames", "Click to hide stack frames")'>Click to show all stack frames</a>
<div class='stack-trace' id='stack-trace1706985646'><pre>java.lang.RuntimeException: java.io.FileNotFoundException: ..\pwa\src\main\java\data\login.xlsx (The system cannot find the file specified)
	at org.testng.internal.MethodInvocationHelper.invokeDataProvider(MethodInvocationHelper.java:163)
	at org.testng.internal.Parameters.handleParameters(Parameters.java:430)
	at org.testng.internal.Invoker.handleParameters(Invoker.java:1274)
	at org.testng.internal.Invoker.createParameters(Invoker.java:989)
	at org.testng.internal.Invoker.invokeTestMethods(Invoker.java:1079)
	at org.testng.internal.TestMethodWorker.invokeTestMethods(TestMethodWorker.java:129)
	at org.testng.internal.TestMethodWorker.run(TestMethodWorker.java:112)
	at org.testng.TestRunner.privateRun(TestRunner.java:782)
	at org.testng.TestRunner.run(TestRunner.java:632)
	at org.testng.SuiteRunner.runTest(SuiteRunner.java:366)
	at org.testng.SuiteRunner.runSequentially(SuiteRunner.java:361)
	at org.testng.SuiteRunner.privateRun(SuiteRunner.java:319)
	at org.testng.SuiteRunner.run(SuiteRunner.java:268)
	at org.testng.SuiteRunnerWorker.runSuite(SuiteRunnerWorker.java:52)
	at org.testng.SuiteRunnerWorker.run(SuiteRunnerWorker.java:86)
	at org.testng.TestNG.runSuitesSequentially(TestNG.java:1244)
	at org.testng.TestNG.runSuitesLocally(TestNG.java:1169)
	at org.testng.TestNG.run(TestNG.java:1064)
	at org.apache.maven.surefire.testng.TestNGExecutor.run(TestNGExecutor.java:283)
	at org.apache.maven.surefire.testng.TestNGXmlTestSuite.execute(TestNGXmlTestSuite.java:75)
	at org.apache.maven.surefire.testng.TestNGProvider.invoke(TestNGProvider.java:120)
	at org.apache.maven.surefire.booter.ForkedBooter.runSuitesInProcess(ForkedBooter.java:377)
	at org.apache.maven.surefire.booter.ForkedBooter.execute(ForkedBooter.java:138)
	at org.apache.maven.surefire.booter.ForkedBooter.run(ForkedBooter.java:465)
	at org.apache.maven.surefire.booter.ForkedBooter.main(ForkedBooter.java:451)
Caused by: java.io.FileNotFoundException: ..\pwa\src\main\java\data\login.xlsx (The system cannot find the file specified)
	at java.io.FileInputStream.open0(Native Method)
	at java.io.FileInputStream.open(Unknown Source)
	at java.io.FileInputStream.&lt;init&gt;(Unknown Source)
	at java.io.FileInputStream.&lt;init&gt;(Unknown Source)
	at utility.ReadExcel.getCellData(ReadExcel.java:17)
	at testcases.Test_Integration_Login.login_success(Test_Integration_Login.java:22)
	at sun.reflect.NativeMethodAccessorImpl.invoke0(Native Method)
	at sun.reflect.NativeMethodAccessorImpl.invoke(Unknown Source)
	at sun.reflect.DelegatingMethodAccessorImpl.invoke(Unknown Source)
	at java.lang.reflect.Method.invoke(Unknown Source)
	at org.testng.internal.MethodInvocationHelper.invokeMethod(MethodInvocationHelper.java:86)
	at org.testng.internal.MethodInvocationHelper.invokeDataProvider(MethodInvocationHelper.java:137)
	... 24 more
</pre></div></td>
<td>0</td>
<td>testcases.Test_Integration_Login@1b604f19</td></tr>
</table><p>
</body>
</html>