<?xml version="1.0" encoding="UTF-8"?>
<!-- Generated by org.testng.reporters.JUnitXMLReporter -->
<testsuite hostname="MNCTVN05589" name="Test" tests="17" failures="1" timestamp="19 Jun 2020 04:19:30 GMT" time="1003.775" errors="0">
  <testcase name="login_alert_password" time="34.219" classname="testcases.Test_Login"/>
  <testcase name="login_alert_password" time="34.744" classname="testcases.Test_Login"/>
  <testcase name="login_alert_username" time="41.928" classname="testcases.Test_Login"/>
  <testcase name="login_alert_username" time="36.095" classname="testcases.Test_Login"/>
  <testcase name="login_alert_popup" time="33.306" classname="testcases.Test_Login"/>
  <testcase name="login_alert_popup" time="37.238" classname="testcases.Test_Login"/>
  <testcase name="login_succes" time="39.722" classname="testcases.Test_Login"/>
  <testcase name="login_succes" time="41.058" classname="testcases.Test_Login"/>
  <testcase name="login_logout" time="74.252" classname="testcases.Test_Login"/>
  <testcase name="login_logout" time="74.984" classname="testcases.Test_Login"/>
  <testcase name="login_logout_from_" time="97.085" classname="testcases.Test_Integration_Login"/>
  <testcase name="login_logout_from_" time="98.475" classname="testcases.Test_Integration_Login"/>
  <testcase name="login_logout_from_account" time="89.296" classname="testcases.Test_Integration_Login"/>
  <testcase name="login_logout_from_account" time="94.945" classname="testcases.Test_Integration_Login"/>
  <testcase name="login_logout_from_history" time="105.28" classname="testcases.Test_Integration_Login"/>
  <testcase name="login_logout_from_history" time="41.098" classname="testcases.Test_Integration_Login">
    <failure type="org.openqa.selenium.NoSuchElementException" message="no such element: Unable to locate element: {&amp;quot;method&amp;quot;:&amp;quot;css selector&amp;quot;,&amp;quot;selector&amp;quot;:&amp;quot;#action\-history&amp;quot;}
  (Session info: chrome=83.0.4103.61)
For documentation on this error, please visit: https://www.seleniumhq.org/exceptions/no_such_element.html
Build info: version: &amp;apos;3.141.59&amp;apos;, revision: &amp;apos;e82be7d358&amp;apos;, time: &amp;apos;2018-11-14T08:17:03&amp;apos;
System info: host: &amp;apos;MNCTVN05589&amp;apos;, ip: &amp;apos;192.168.137.1&amp;apos;, os.name: &amp;apos;Windows 10&amp;apos;, os.arch: &amp;apos;amd64&amp;apos;, os.version: &amp;apos;10.0&amp;apos;, java.version: &amp;apos;1.8.0_221&amp;apos;
Driver info: org.openqa.selenium.remote.RemoteWebDriver
Capabilities {acceptInsecureCerts: false, browserName: chrome, browserVersion: 83.0.4103.61, chrome: {chromedriverVersion: 83.0.4103.39 (ccbf011cb2d2b..., userDataDir: /tmp/.com.google.Chrome.zi5NIn}, goog:chromeOptions: {debuggerAddress: localhost:34923}, javascriptEnabled: true, networkConnectionEnabled: false, pageLoadStrategy: normal, platform: LINUX, platformName: LINUX, proxy: Proxy(), setWindowRect: true, strictFileInteractability: false, timeouts: {implicit: 0, pageLoad: 300000, script: 30000}, unhandledPromptBehavior: dismiss and notify, webauthn:virtualAuthenticators: true, webdriver.remote.sessionid: fdf2d9c4f83f3a2b981a62335d5...}
Session ID: fdf2d9c4f83f3a2b981a62335d53b67f
*** Element info: {Using=id, value=action-history}">
      <![CDATA[org.openqa.selenium.NoSuchElementException: no such element: Unable to locate element: {"method":"css selector","selector":"#action\-history"}
  (Session info: chrome=83.0.4103.61)
For documentation on this error, please visit: https://www.seleniumhq.org/exceptions/no_such_element.html
Build info: version: '3.141.59', revision: 'e82be7d358', time: '2018-11-14T08:17:03'
System info: host: 'MNCTVN05589', ip: '192.168.137.1', os.name: 'Windows 10', os.arch: 'amd64', os.version: '10.0', java.version: '1.8.0_221'
Driver info: org.openqa.selenium.remote.RemoteWebDriver
Capabilities {acceptInsecureCerts: false, browserName: chrome, browserVersion: 83.0.4103.61, chrome: {chromedriverVersion: 83.0.4103.39 (ccbf011cb2d2b..., userDataDir: /tmp/.com.google.Chrome.zi5NIn}, goog:chromeOptions: {debuggerAddress: localhost:34923}, javascriptEnabled: true, networkConnectionEnabled: false, pageLoadStrategy: normal, platform: LINUX, platformName: LINUX, proxy: Proxy(), setWindowRect: true, strictFileInteractability: false, timeouts: {implicit: 0, pageLoad: 300000, script: 30000}, unhandledPromptBehavior: dismiss and notify, webauthn:virtualAuthenticators: true, webdriver.remote.sessionid: fdf2d9c4f83f3a2b981a62335d5...}
Session ID: fdf2d9c4f83f3a2b981a62335d53b67f
*** Element info: {Using=id, value=action-history}
	at org.openqa.selenium.remote.http.W3CHttpResponseCodec.createException(W3CHttpResponseCodec.java:187)
	at org.openqa.selenium.remote.http.W3CHttpResponseCodec.decode(W3CHttpResponseCodec.java:122)
	at org.openqa.selenium.remote.http.W3CHttpResponseCodec.decode(W3CHttpResponseCodec.java:49)
	at org.openqa.selenium.remote.HttpCommandExecutor.execute(HttpCommandExecutor.java:158)
	at org.openqa.selenium.remote.RemoteWebDriver.execute(RemoteWebDriver.java:552)
	at org.openqa.selenium.remote.RemoteWebDriver.findElement(RemoteWebDriver.java:323)
	at org.openqa.selenium.remote.RemoteWebDriver.findElementById(RemoteWebDriver.java:372)
	at org.openqa.selenium.By$ById.findElement(By.java:188)
	at org.openqa.selenium.remote.RemoteWebDriver.findElement(RemoteWebDriver.java:315)
	at object.Button.byId(Button.java:19)
	at testcases.Test_Integration_Login.login_logout_from_history(Test_Integration_Login.java:74)
... Removed 32 stack frames]]>
    </failure>
  </testcase> <!-- login_logout_from_history -->
  <testcase name="login_logout_from_mylist" time="0.0" classname="testcases.Test_Integration_Login">
    <skipped/>
  </testcase> <!-- login_logout_from_mylist -->
</testsuite> <!-- Test -->
